[0.259s] Invoking command in '/home/malikali/rrt/src/build/rrt': PYTHONPATH=/home/malikali/rrt/src/build/rrt/prefix_override:/usr/lib/python3/dist-packages/colcon_core/task/python/colcon_distutils_commands:/home/malikali/rrt/src/install/rrt/lib/python3.10/site-packages:${PYTHONPATH} /usr/bin/python3 -W ignore:setup.py install is deprecated -W ignore:easy_install command is deprecated setup.py develop --editable --build-directory /home/malikali/rrt/src/build/rrt/build --no-deps symlink_data
[0.362s] running develop
[0.417s] running egg_info
[0.417s] creating rrt.egg-info
[0.417s] writing rrt.egg-info/PKG-INFO
[0.418s] writing dependency_links to rrt.egg-info/dependency_links.txt
[0.418s] writing entry points to rrt.egg-info/entry_points.txt
[0.418s] writing requirements to rrt.egg-info/requires.txt
[0.418s] writing top-level names to rrt.egg-info/top_level.txt
[0.418s] writing manifest file 'rrt.egg-info/SOURCES.txt'
[0.418s] reading manifest file 'rrt.egg-info/SOURCES.txt'
[0.418s] writing manifest file 'rrt.egg-info/SOURCES.txt'
[0.419s] running build_ext
[0.419s] Creating /home/malikali/rrt/src/install/rrt/lib/python3.10/site-packages/rrt.egg-link (link to .)
[0.419s] 
[0.419s] Installed /home/malikali/rrt/src/build/rrt
[0.419s] running symlink_data
[0.419s] creating /home/malikali/rrt/src/install/rrt/share/ament_index
[0.419s] creating /home/malikali/rrt/src/install/rrt/share/ament_index/resource_index
[0.419s] creating /home/malikali/rrt/src/install/rrt/share/ament_index/resource_index/packages
[0.419s] symbolically linking /home/malikali/rrt/src/build/rrt/resource/rrt -> /home/malikali/rrt/src/install/rrt/share/ament_index/resource_index/packages
[0.419s] symbolically linking /home/malikali/rrt/src/build/rrt/package.xml -> /home/malikali/rrt/src/install/rrt/share/rrt
[0.431s] Invoked command in '/home/malikali/rrt/src/build/rrt' returned '0': PYTHONPATH=/home/malikali/rrt/src/build/rrt/prefix_override:/usr/lib/python3/dist-packages/colcon_core/task/python/colcon_distutils_commands:/home/malikali/rrt/src/install/rrt/lib/python3.10/site-packages:${PYTHONPATH} /usr/bin/python3 -W ignore:setup.py install is deprecated -W ignore:easy_install command is deprecated setup.py develop --editable --build-directory /home/malikali/rrt/src/build/rrt/build --no-deps symlink_data
